# JRE version: OpenJDK Runtime Environment (8.0_202-b03) (build 1.8.0_202-release-1483-b03)
# Java VM: OpenJDK 64-Bit Server VM (25.202-b03 mixed mode windows-amd64 compressed oops)
Heap:
 PSYoungGen      total 242688K, used 162358K [0x00000000e0000000, 0x00000000f1000000, 0x0000000100000000)
  eden space 214016K, 68% used [0x00000000e0000000,0x00000000e8fad9d8,0x00000000ed100000)
  from space 28672K, 53% used [0x00000000ed100000,0x00000000edfe0150,0x00000000eed00000)
  to   space 23552K, 0% used [0x00000000eed00000,0x00000000eed00000,0x00000000f0400000)
 ParOldGen       total 87552K, used 46617K [0x00000000a0000000, 0x00000000a5580000, 0x00000000e0000000)
  object space 87552K, 53% used [0x00000000a0000000,0x00000000a2d864f0,0x00000000a5580000)
 Metaspace       used 78321K, capacity 81474K, committed 81624K, reserved 1120256K
  class space    used 10399K, capacity 10991K, committed 11008K, reserved 1048576K
GC Heap History (10 events):
Event: 40.460 GC heap before
{Heap before GC invocations=20 (full 3):
 PSYoungGen      total 174080K, used 169880K [0x00000000e0000000, 0x00000000ec100000, 0x0000000100000000)
  eden space 158720K, 100% used [0x00000000e0000000,0x00000000e9b00000,0x00000000e9b00000)
  from space 15360K, 72% used [0x00000000eb200000,0x00000000ebce6148,0x00000000ec100000)
  to   space 19456K, 0% used [0x00000000e9b00000,0x00000000e9b00000,0x00000000eae00000)
 ParOldGen       total 87552K, used 32365K [0x00000000a0000000, 0x00000000a5580000, 0x00000000e0000000)
  object space 87552K, 36% used [0x00000000a0000000,0x00000000a1f9b5a8,0x00000000a5580000)
 Metaspace       used 61856K, capacity 63866K, committed 64216K, reserved 1103872K
  class space    used 8382K, capacity 8849K, committed 8960K, reserved 1048576K
Event: 40.474 GC heap after
Heap after GC invocations=20 (full 3):
 PSYoungGen      total 178176K, used 10800K [0x00000000e0000000, 0x00000000ede00000, 0x0000000100000000)
  eden space 158720K, 0% used [0x00000000e0000000,0x00000000e0000000,0x00000000e9b00000)
  from space 19456K, 55% used [0x00000000e9b00000,0x00000000ea58c090,0x00000000eae00000)
  to   space 19456K, 0% used [0x00000000ecb00000,0x00000000ecb00000,0x00000000ede00000)
 ParOldGen       total 87552K, used 32365K [0x00000000a0000000, 0x00000000a5580000, 0x00000000e0000000)
  object space 87552K, 36% used [0x00000000a0000000,0x00000000a1f9b5a8,0x00000000a5580000)
 Metaspace       used 61856K, capacity 63866K, committed 64216K, reserved 1103872K
  class space    used 8382K, capacity 8849K, committed 8960K, reserved 1048576K
}
Event: 43.844 GC heap before
{Heap before GC invocations=21 (full 3):
 PSYoungGen      total 178176K, used 169520K [0x00000000e0000000, 0x00000000ede00000, 0x0000000100000000)
  eden space 158720K, 100% used [0x00000000e0000000,0x00000000e9b00000,0x00000000e9b00000)
  from space 19456K, 55% used [0x00000000e9b00000,0x00000000ea58c090,0x00000000eae00000)
  to   space 19456K, 0% used [0x00000000ecb00000,0x00000000ecb00000,0x00000000ede00000)
 ParOldGen       total 87552K, used 32365K [0x00000000a0000000, 0x00000000a5580000, 0x00000000e0000000)
  object space 87552K, 36% used [0x00000000a0000000,0x00000000a1f9b5a8,0x00000000a5580000)
 Metaspace       used 67972K, capacity 69990K, committed 70104K, reserved 1110016K
  class space    used 9029K, capacity 9461K, committed 9472K, reserved 1048576K
Event: 43.867 GC heap after
Heap after GC invocations=21 (full 3):
 PSYoungGen      total 206336K, used 16410K [0x00000000e0000000, 0x00000000ee000000, 0x0000000100000000)
  eden space 186880K, 0% used [0x00000000e0000000,0x00000000e0000000,0x00000000eb680000)
  from space 19456K, 84% used [0x00000000ecb00000,0x00000000edb068c8,0x00000000ede00000)
  to   space 20992K, 0% used [0x00000000eb680000,0x00000000eb680000,0x00000000ecb00000)
 ParOldGen       total 87552K, used 32373K [0x00000000a0000000, 0x00000000a5580000, 0x00000000e0000000)
  object space 87552K, 36% used [0x00000000a0000000,0x00000000a1f9d5a8,0x00000000a5580000)
 Metaspace       used 67972K, capacity 69990K, committed 70104K, reserved 1110016K
  class space    used 9029K, capacity 9461K, committed 9472K, reserved 1048576K
}
Event: 47.439 GC heap before
{Heap before GC invocations=22 (full 3):
 PSYoungGen      total 206336K, used 203290K [0x00000000e0000000, 0x00000000ee000000, 0x0000000100000000)
  eden space 186880K, 100% used [0x00000000e0000000,0x00000000eb680000,0x00000000eb680000)
  from space 19456K, 84% used [0x00000000ecb00000,0x00000000edb068c8,0x00000000ede00000)
  to   space 20992K, 0% used [0x00000000eb680000,0x00000000eb680000,0x00000000ecb00000)
 ParOldGen       total 87552K, used 32373K [0x00000000a0000000, 0x00000000a5580000, 0x00000000e0000000)
  object space 87552K, 36% used [0x00000000a0000000,0x00000000a1f9d5a8,0x00000000a5580000)
 Metaspace       used 68733K, capacity 70940K, committed 71000K, reserved 1110016K
  class space    used 9119K, capacity 9548K, committed 9600K, reserved 1048576K
Event: 47.463 GC heap after
Heap after GC invocations=22 (full 3):
 PSYoungGen      total 207872K, used 19545K [0x00000000e0000000, 0x00000000f0400000, 0x0000000100000000)
  eden space 186880K, 0% used [0x00000000e0000000,0x00000000e0000000,0x00000000eb680000)
  from space 20992K, 93% used [0x00000000eb680000,0x00000000ec9967a8,0x00000000ecb00000)
  to   space 23552K, 0% used [0x00000000eed00000,0x00000000eed00000,0x00000000f0400000)
 ParOldGen       total 87552K, used 32381K [0x00000000a0000000, 0x00000000a5580000, 0x00000000e0000000)
  object space 87552K, 36% used [0x00000000a0000000,0x00000000a1f9f5a8,0x00000000a5580000)
 Metaspace       used 68733K, capacity 70940K, committed 71000K, reserved 1110016K
  class space    used 9119K, capacity 9548K, committed 9600K, reserved 1048576K
}
Event: 51.586 GC heap before
{Heap before GC invocations=23 (full 3):
 PSYoungGen      total 207872K, used 206425K [0x00000000e0000000, 0x00000000f0400000, 0x0000000100000000)
  eden space 186880K, 100% used [0x00000000e0000000,0x00000000eb680000,0x00000000eb680000)
  from space 20992K, 93% used [0x00000000eb680000,0x00000000ec9967a8,0x00000000ecb00000)
  to   space 23552K, 0% used [0x00000000eed00000,0x00000000eed00000,0x00000000f0400000)
 ParOldGen       total 87552K, used 32381K [0x00000000a0000000, 0x00000000a5580000, 0x00000000e0000000)
  object space 87552K, 36% used [0x00000000a0000000,0x00000000a1f9f5a8,0x00000000a5580000)
 Metaspace       used 77456K, capacity 80458K, committed 80728K, reserved 1120256K
  class space    used 10317K, capacity 10861K, committed 10880K, reserved 1048576K
Event: 51.638 GC heap after
Heap after GC invocations=23 (full 3):
 PSYoungGen      total 237568K, used 23524K [0x00000000e0000000, 0x00000000f1000000, 0x0000000100000000)
  eden space 214016K, 0% used [0x00000000e0000000,0x00000000e0000000,0x00000000ed100000)
  from space 23552K, 99% used [0x00000000eed00000,0x00000000f03f9140,0x00000000f0400000)
  to   space 28672K, 0% used [0x00000000ed100000,0x00000000ed100000,0x00000000eed00000)
 ParOldGen       total 87552K, used 36661K [0x00000000a0000000, 0x00000000a5580000, 0x00000000e0000000)
  object space 87552K, 41% used [0x00000000a0000000,0x00000000a23cd648,0x00000000a5580000)
 Metaspace       used 77456K, capacity 80458K, committed 80728K, reserved 1120256K
  class space    used 10317K, capacity 10861K, committed 10880K, reserved 1048576K
}
Event: 52.762 GC heap before
{Heap before GC invocations=24 (full 3):
 PSYoungGen      total 237568K, used 237540K [0x00000000e0000000, 0x00000000f1000000, 0x0000000100000000)
  eden space 214016K, 100% used [0x00000000e0000000,0x00000000ed100000,0x00000000ed100000)
  from space 23552K, 99% used [0x00000000eed00000,0x00000000f03f9140,0x00000000f0400000)
  to   space 28672K, 0% used [0x00000000ed100000,0x00000000ed100000,0x00000000eed00000)
 ParOldGen       total 87552K, used 36661K [0x00000000a0000000, 0x00000000a5580000, 0x00000000e0000000)
  object space 87552K, 41% used [0x00000000a0000000,0x00000000a23cd648,0x00000000a5580000)
 Metaspace       used 78013K, capacity 81122K, committed 81368K, reserved 1120256K
  class space    used 10375K, capacity 10949K, committed 11008K, reserved 1048576K
Event: 52.801 GC heap after
Heap after GC invocations=24 (full 3):
 PSYoungGen      total 242688K, used 15232K [0x00000000e0000000, 0x00000000f1000000, 0x0000000100000000)
  eden space 214016K, 0% used [0x00000000e0000000,0x00000000e0000000,0x00000000ed100000)
  from space 28672K, 53% used [0x00000000ed100000,0x00000000edfe0150,0x00000000eed00000)
  to   space 23552K, 0% used [0x00000000eed00000,0x00000000eed00000,0x00000000f0400000)
 ParOldGen       total 87552K, used 46617K [0x00000000a0000000, 0x00000000a5580000, 0x00000000e0000000)
  object space 87552K, 53% used [0x00000000a0000000,0x00000000a2d864f0,0x00000000a5580000)
 Metaspace       used 78013K, capacity 81122K, committed 81368K, reserved 1120256K
  class space    used 10375K, capacity 10949K, committed 11008K, reserved 1048576K
}

