# JRE version: OpenJDK Runtime Environment (8.0_202-b03) (build 1.8.0_202-release-1483-b03)
# Java VM: OpenJDK 64-Bit Server VM (25.202-b03 mixed mode windows-amd64 compressed oops)
Heap:
 PSYoungGen      total 398336K, used 336510K [0x00000000e0000000, 0x00000000fa780000, 0x0000000100000000)
  eden space 368128K, 85% used [0x00000000e0000000,0x00000000f33adf98,0x00000000f6780000)
  from space 30208K, 70% used [0x00000000f8600000,0x00000000f9af1b80,0x00000000fa380000)
  to   space 31232K, 0% used [0x00000000f6780000,0x00000000f6780000,0x00000000f8600000)
 ParOldGen       total 90112K, used 76621K [0x00000000a0000000, 0x00000000a5800000, 0x00000000e0000000)
  object space 90112K, 85% used [0x00000000a0000000,0x00000000a4ad3678,0x00000000a5800000)
 Metaspace       used 74066K, capacity 77046K, committed 77144K, reserved 1116160K
  class space    used 9736K, capacity 10333K, committed 10368K, reserved 1048576K
GC Heap History (10 events):
Event: 59.729 GC heap before
{Heap before GC invocations=23 (full 3):
 PSYoungGen      total 290304K, used 279464K [0x00000000e0000000, 0x00000000f6180000, 0x0000000100000000)
  eden space 264704K, 100% used [0x00000000e0000000,0x00000000f0280000,0x00000000f0280000)
  from space 25600K, 57% used [0x00000000f0280000,0x00000000f10ea270,0x00000000f1b80000)
  to   space 25600K, 0% used [0x00000000f4880000,0x00000000f4880000,0x00000000f6180000)
 ParOldGen       total 90112K, used 64229K [0x00000000a0000000, 0x00000000a5800000, 0x00000000e0000000)
  object space 90112K, 71% used [0x00000000a0000000,0x00000000a3eb9750,0x00000000a5800000)
 Metaspace       used 73819K, capacity 76780K, committed 76888K, reserved 1116160K
  class space    used 9729K, capacity 10324K, committed 10368K, reserved 1048576K
Event: 59.752 GC heap after
Heap after GC invocations=23 (full 3):
 PSYoungGen      total 334336K, used 19888K [0x00000000e0000000, 0x00000000f6780000, 0x0000000100000000)
  eden space 308736K, 0% used [0x00000000e0000000,0x00000000e0000000,0x00000000f2d80000)
  from space 25600K, 77% used [0x00000000f4880000,0x00000000f5bec0f0,0x00000000f6180000)
  to   space 27648K, 0% used [0x00000000f2d80000,0x00000000f2d80000,0x00000000f4880000)
 ParOldGen       total 90112K, used 64237K [0x00000000a0000000, 0x00000000a5800000, 0x00000000e0000000)
  object space 90112K, 71% used [0x00000000a0000000,0x00000000a3ebb750,0x00000000a5800000)
 Metaspace       used 73819K, capacity 76780K, committed 76888K, reserved 1116160K
  class space    used 9729K, capacity 10324K, committed 10368K, reserved 1048576K
}
Event: 60.462 GC heap before
{Heap before GC invocations=24 (full 3):
 PSYoungGen      total 334336K, used 328624K [0x00000000e0000000, 0x00000000f6780000, 0x0000000100000000)
  eden space 308736K, 100% used [0x00000000e0000000,0x00000000f2d80000,0x00000000f2d80000)
  from space 25600K, 77% used [0x00000000f4880000,0x00000000f5bec0f0,0x00000000f6180000)
  to   space 27648K, 0% used [0x00000000f2d80000,0x00000000f2d80000,0x00000000f4880000)
 ParOldGen       total 90112K, used 64237K [0x00000000a0000000, 0x00000000a5800000, 0x00000000e0000000)
  object space 90112K, 71% used [0x00000000a0000000,0x00000000a3ebb750,0x00000000a5800000)
 Metaspace       used 73889K, capacity 76880K, committed 77144K, reserved 1116160K
  class space    used 9732K, capacity 10328K, committed 10368K, reserved 1048576K
Event: 60.496 GC heap after
Heap after GC invocations=24 (full 3):
 PSYoungGen      total 336384K, used 22392K [0x00000000e0000000, 0x00000000fa380000, 0x0000000100000000)
  eden space 308736K, 0% used [0x00000000e0000000,0x00000000e0000000,0x00000000f2d80000)
  from space 27648K, 80% used [0x00000000f2d80000,0x00000000f435e218,0x00000000f4880000)
  to   space 30208K, 0% used [0x00000000f8600000,0x00000000f8600000,0x00000000fa380000)
 ParOldGen       total 90112K, used 64245K [0x00000000a0000000, 0x00000000a5800000, 0x00000000e0000000)
  object space 90112K, 71% used [0x00000000a0000000,0x00000000a3ebd750,0x00000000a5800000)
 Metaspace       used 73889K, capacity 76880K, committed 77144K, reserved 1116160K
  class space    used 9732K, capacity 10328K, committed 10368K, reserved 1048576K
}
Event: 61.194 GC heap before
{Heap before GC invocations=25 (full 3):
 PSYoungGen      total 336384K, used 331128K [0x00000000e0000000, 0x00000000fa380000, 0x0000000100000000)
  eden space 308736K, 100% used [0x00000000e0000000,0x00000000f2d80000,0x00000000f2d80000)
  from space 27648K, 80% used [0x00000000f2d80000,0x00000000f435e218,0x00000000f4880000)
  to   space 30208K, 0% used [0x00000000f8600000,0x00000000f8600000,0x00000000fa380000)
 ParOldGen       total 90112K, used 64245K [0x00000000a0000000, 0x00000000a5800000, 0x00000000e0000000)
  object space 90112K, 71% used [0x00000000a0000000,0x00000000a3ebd750,0x00000000a5800000)
 Metaspace       used 73974K, capacity 76960K, committed 77144K, reserved 1116160K
  class space    used 9733K, capacity 10330K, committed 10368K, reserved 1048576K
Event: 61.224 GC heap after
Heap after GC invocations=25 (full 3):
 PSYoungGen      total 398336K, used 20407K [0x00000000e0000000, 0x00000000fa780000, 0x0000000100000000)
  eden space 368128K, 0% used [0x00000000e0000000,0x00000000e0000000,0x00000000f6780000)
  from space 30208K, 67% used [0x00000000f8600000,0x00000000f99ede18,0x00000000fa380000)
  to   space 31232K, 0% used [0x00000000f6780000,0x00000000f6780000,0x00000000f8600000)
 ParOldGen       total 90112K, used 67025K [0x00000000a0000000, 0x00000000a5800000, 0x00000000e0000000)
  object space 90112K, 74% used [0x00000000a0000000,0x00000000a4174780,0x00000000a5800000)
 Metaspace       used 73974K, capacity 76960K, committed 77144K, reserved 1116160K
  class space    used 9733K, capacity 10330K, committed 10368K, reserved 1048576K
}
Event: 62.040 GC heap before
{Heap before GC invocations=26 (full 3):
 PSYoungGen      total 398336K, used 388535K [0x00000000e0000000, 0x00000000fa780000, 0x0000000100000000)
  eden space 368128K, 100% used [0x00000000e0000000,0x00000000f6780000,0x00000000f6780000)
  from space 30208K, 67% used [0x00000000f8600000,0x00000000f99ede18,0x00000000fa380000)
  to   space 31232K, 0% used [0x00000000f6780000,0x00000000f6780000,0x00000000f8600000)
 ParOldGen       total 90112K, used 67025K [0x00000000a0000000, 0x00000000a5800000, 0x00000000e0000000)
  object space 90112K, 74% used [0x00000000a0000000,0x00000000a4174780,0x00000000a5800000)
 Metaspace       used 74003K, capacity 76982K, committed 77144K, reserved 1116160K
  class space    used 9735K, capacity 10333K, committed 10368K, reserved 1048576K
Event: 62.072 GC heap after
Heap after GC invocations=26 (full 3):
 PSYoungGen      total 399360K, used 21837K [0x00000000e0000000, 0x00000000fa780000, 0x0000000100000000)
  eden space 368128K, 0% used [0x00000000e0000000,0x00000000e0000000,0x00000000f6780000)
  from space 31232K, 69% used [0x00000000f6780000,0x00000000f7cd34f0,0x00000000f8600000)
  to   space 30208K, 0% used [0x00000000f8600000,0x00000000f8600000,0x00000000fa380000)
 ParOldGen       total 90112K, used 69849K [0x00000000a0000000, 0x00000000a5800000, 0x00000000e0000000)
  object space 90112K, 77% used [0x00000000a0000000,0x00000000a4436648,0x00000000a5800000)
 Metaspace       used 74003K, capacity 76982K, committed 77144K, reserved 1116160K
  class space    used 9735K, capacity 10333K, committed 10368K, reserved 1048576K
}
Event: 63.195 GC heap before
{Heap before GC invocations=27 (full 3):
 PSYoungGen      total 399360K, used 389965K [0x00000000e0000000, 0x00000000fa780000, 0x0000000100000000)
  eden space 368128K, 100% used [0x00000000e0000000,0x00000000f6780000,0x00000000f6780000)
  from space 31232K, 69% used [0x00000000f6780000,0x00000000f7cd34f0,0x00000000f8600000)
  to   space 30208K, 0% used [0x00000000f8600000,0x00000000f8600000,0x00000000fa380000)
 ParOldGen       total 90112K, used 73621K [0x00000000a0000000, 0x00000000a5800000, 0x00000000e0000000)
  object space 90112K, 81% used [0x00000000a0000000,0x00000000a47e5658,0x00000000a5800000)
 Metaspace       used 74038K, capacity 76982K, committed 77144K, reserved 1116160K
  class space    used 9735K, capacity 10333K, committed 10368K, reserved 1048576K
Event: 63.228 GC heap after
Heap after GC invocations=27 (full 3):
 PSYoungGen      total 398336K, used 21446K [0x00000000e0000000, 0x00000000fa780000, 0x0000000100000000)
  eden space 368128K, 0% used [0x00000000e0000000,0x00000000e0000000,0x00000000f6780000)
  from space 30208K, 70% used [0x00000000f8600000,0x00000000f9af1b80,0x00000000fa380000)
  to   space 31232K, 0% used [0x00000000f6780000,0x00000000f6780000,0x00000000f8600000)
 ParOldGen       total 90112K, used 76621K [0x00000000a0000000, 0x00000000a5800000, 0x00000000e0000000)
  object space 90112K, 85% used [0x00000000a0000000,0x00000000a4ad3678,0x00000000a5800000)
 Metaspace       used 74038K, capacity 76982K, committed 77144K, reserved 1116160K
  class space    used 9735K, capacity 10333K, committed 10368K, reserved 1048576K
}

