# JRE version: OpenJDK Runtime Environment (8.0_202-b03) (build 1.8.0_202-release-1483-b03)
# Java VM: OpenJDK 64-Bit Server VM (25.202-b03 mixed mode windows-amd64 compressed oops)
Heap:
 PSYoungGen      total 188928K, used 70284K [0x00000000e0000000, 0x00000000ed780000, 0x0000000100000000)
  eden space 171520K, 38% used [0x00000000e0000000,0x00000000e405f0b0,0x00000000ea780000)
  from space 17408K, 25% used [0x00000000ea780000,0x00000000eabc4020,0x00000000eb880000)
  to   space 16896K, 0% used [0x00000000ec700000,0x00000000ec700000,0x00000000ed780000)
 ParOldGen       total 102912K, used 77718K [0x00000000a0000000, 0x00000000a6480000, 0x00000000e0000000)
  object space 102912K, 75% used [0x00000000a0000000,0x00000000a4be5a30,0x00000000a6480000)
 Metaspace       used 104004K, capacity 108774K, committed 108928K, reserved 1144832K
  class space    used 12981K, capacity 13941K, committed 13952K, reserved 1048576K
GC Heap History (10 events):
Event: 1493.990 GC heap before
{Heap before GC invocations=76 (full 5):
 PSYoungGen      total 156672K, used 9493K [0x00000000e0000000, 0x00000000ebd80000, 0x0000000100000000)
  eden space 139264K, 0% used [0x00000000e0000000,0x00000000e0000000,0x00000000e8800000)
  from space 17408K, 54% used [0x00000000e8800000,0x00000000e9145478,0x00000000e9900000)
  to   space 17408K, 0% used [0x00000000eac80000,0x00000000eac80000,0x00000000ebd80000)
 ParOldGen       total 83456K, used 78466K [0x00000000a0000000, 0x00000000a5180000, 0x00000000e0000000)
  object space 83456K, 94% used [0x00000000a0000000,0x00000000a4ca0b20,0x00000000a5180000)
 Metaspace       used 100955K, capacity 105324K, committed 105472K, reserved 1140736K
  class space    used 12685K, capacity 13510K, committed 13568K, reserved 1048576K
Event: 1501.347 GC heap after
Heap after GC invocations=76 (full 5):
 PSYoungGen      total 156672K, used 0K [0x00000000e0000000, 0x00000000ebd80000, 0x0000000100000000)
  eden space 139264K, 0% used [0x00000000e0000000,0x00000000e0000000,0x00000000e8800000)
  from space 17408K, 0% used [0x00000000e8800000,0x00000000e8800000,0x00000000e9900000)
  to   space 17408K, 0% used [0x00000000eac80000,0x00000000eac80000,0x00000000ebd80000)
 ParOldGen       total 102912K, used 68065K [0x00000000a0000000, 0x00000000a6480000, 0x00000000e0000000)
  object space 102912K, 66% used [0x00000000a0000000,0x00000000a42784e8,0x00000000a6480000)
 Metaspace       used 100884K, capacity 105152K, committed 105472K, reserved 1140736K
  class space    used 12664K, capacity 13476K, committed 13568K, reserved 1048576K
}
Event: 1622.601 GC heap before
{Heap before GC invocations=77 (full 5):
 PSYoungGen      total 156672K, used 139264K [0x00000000e0000000, 0x00000000ebd80000, 0x0000000100000000)
  eden space 139264K, 100% used [0x00000000e0000000,0x00000000e8800000,0x00000000e8800000)
  from space 17408K, 0% used [0x00000000e8800000,0x00000000e8800000,0x00000000e9900000)
  to   space 17408K, 0% used [0x00000000eac80000,0x00000000eac80000,0x00000000ebd80000)
 ParOldGen       total 102912K, used 68065K [0x00000000a0000000, 0x00000000a6480000, 0x00000000e0000000)
  object space 102912K, 66% used [0x00000000a0000000,0x00000000a42784e8,0x00000000a6480000)
 Metaspace       used 101626K, capacity 106114K, committed 106368K, reserved 1142784K
  class space    used 12744K, capacity 13625K, committed 13696K, reserved 1048576K
Event: 1622.615 GC heap after
Heap after GC invocations=77 (full 5):
 PSYoungGen      total 167424K, used 8931K [0x00000000e0000000, 0x00000000eb880000, 0x0000000100000000)
  eden space 155136K, 0% used [0x00000000e0000000,0x00000000e0000000,0x00000000e9780000)
  from space 12288K, 72% used [0x00000000eac80000,0x00000000eb538d50,0x00000000eb880000)
  to   space 16896K, 0% used [0x00000000e9780000,0x00000000e9780000,0x00000000ea800000)
 ParOldGen       total 102912K, used 68073K [0x00000000a0000000, 0x00000000a6480000, 0x00000000e0000000)
  object space 102912K, 66% used [0x00000000a0000000,0x00000000a427a4e8,0x00000000a6480000)
 Metaspace       used 101626K, capacity 106114K, committed 106368K, reserved 1142784K
  class space    used 12744K, capacity 13625K, committed 13696K, reserved 1048576K
}
Event: 1628.990 GC heap before
{Heap before GC invocations=78 (full 5):
 PSYoungGen      total 167424K, used 164067K [0x00000000e0000000, 0x00000000eb880000, 0x0000000100000000)
  eden space 155136K, 100% used [0x00000000e0000000,0x00000000e9780000,0x00000000e9780000)
  from space 12288K, 72% used [0x00000000eac80000,0x00000000eb538d50,0x00000000eb880000)
  to   space 16896K, 0% used [0x00000000e9780000,0x00000000e9780000,0x00000000ea800000)
 ParOldGen       total 102912K, used 68073K [0x00000000a0000000, 0x00000000a6480000, 0x00000000e0000000)
  object space 102912K, 66% used [0x00000000a0000000,0x00000000a427a4e8,0x00000000a6480000)
 Metaspace       used 102452K, capacity 106886K, committed 107008K, reserved 1142784K
  class space    used 12829K, capacity 13707K, committed 13824K, reserved 1048576K
Event: 1629.056 GC heap after
Heap after GC invocations=78 (full 5):
 PSYoungGen      total 172032K, used 11905K [0x00000000e0000000, 0x00000000ecb80000, 0x0000000100000000)
  eden space 155136K, 0% used [0x00000000e0000000,0x00000000e0000000,0x00000000e9780000)
  from space 16896K, 70% used [0x00000000e9780000,0x00000000ea320678,0x00000000ea800000)
  to   space 17408K, 0% used [0x00000000eba80000,0x00000000eba80000,0x00000000ecb80000)
 ParOldGen       total 102912K, used 75266K [0x00000000a0000000, 0x00000000a6480000, 0x00000000e0000000)
  object space 102912K, 73% used [0x00000000a0000000,0x00000000a49808f0,0x00000000a6480000)
 Metaspace       used 102452K, capacity 106886K, committed 107008K, reserved 1142784K
  class space    used 12829K, capacity 13707K, committed 13824K, reserved 1048576K
}
Event: 1701.063 GC heap before
{Heap before GC invocations=79 (full 5):
 PSYoungGen      total 172032K, used 167041K [0x00000000e0000000, 0x00000000ecb80000, 0x0000000100000000)
  eden space 155136K, 100% used [0x00000000e0000000,0x00000000e9780000,0x00000000e9780000)
  from space 16896K, 70% used [0x00000000e9780000,0x00000000ea320678,0x00000000ea800000)
  to   space 17408K, 0% used [0x00000000eba80000,0x00000000eba80000,0x00000000ecb80000)
 ParOldGen       total 102912K, used 75266K [0x00000000a0000000, 0x00000000a6480000, 0x00000000e0000000)
  object space 102912K, 73% used [0x00000000a0000000,0x00000000a49808f0,0x00000000a6480000)
 Metaspace       used 103613K, capacity 108296K, committed 108416K, reserved 1144832K
  class space    used 12952K, capacity 13888K, committed 13952K, reserved 1048576K
Event: 1701.138 GC heap after
Heap after GC invocations=79 (full 5):
 PSYoungGen      total 186880K, used 3812K [0x00000000e0000000, 0x00000000ec980000, 0x0000000100000000)
  eden space 171520K, 0% used [0x00000000e0000000,0x00000000e0000000,0x00000000ea780000)
  from space 15360K, 24% used [0x00000000eba80000,0x00000000ebe390f0,0x00000000ec980000)
  to   space 17408K, 0% used [0x00000000ea780000,0x00000000ea780000,0x00000000eb880000)
 ParOldGen       total 102912K, used 76427K [0x00000000a0000000, 0x00000000a6480000, 0x00000000e0000000)
  object space 102912K, 74% used [0x00000000a0000000,0x00000000a4aa2cc8,0x00000000a6480000)
 Metaspace       used 103613K, capacity 108296K, committed 108416K, reserved 1144832K
  class space    used 12952K, capacity 13888K, committed 13952K, reserved 1048576K
}
Event: 1813.144 GC heap before
{Heap before GC invocations=80 (full 5):
 PSYoungGen      total 186880K, used 175332K [0x00000000e0000000, 0x00000000ec980000, 0x0000000100000000)
  eden space 171520K, 100% used [0x00000000e0000000,0x00000000ea780000,0x00000000ea780000)
  from space 15360K, 24% used [0x00000000eba80000,0x00000000ebe390f0,0x00000000ec980000)
  to   space 17408K, 0% used [0x00000000ea780000,0x00000000ea780000,0x00000000eb880000)
 ParOldGen       total 102912K, used 76427K [0x00000000a0000000, 0x00000000a6480000, 0x00000000e0000000)
  object space 102912K, 74% used [0x00000000a0000000,0x00000000a4aa2cc8,0x00000000a6480000)
 Metaspace       used 103960K, capacity 108710K, committed 108928K, reserved 1144832K
  class space    used 12980K, capacity 13941K, committed 13952K, reserved 1048576K
Event: 1813.154 GC heap after
Heap after GC invocations=80 (full 5):
 PSYoungGen      total 188928K, used 4368K [0x00000000e0000000, 0x00000000ed780000, 0x0000000100000000)
  eden space 171520K, 0% used [0x00000000e0000000,0x00000000e0000000,0x00000000ea780000)
  from space 17408K, 25% used [0x00000000ea780000,0x00000000eabc4020,0x00000000eb880000)
  to   space 16896K, 0% used [0x00000000ec700000,0x00000000ec700000,0x00000000ed780000)
 ParOldGen       total 102912K, used 77718K [0x00000000a0000000, 0x00000000a6480000, 0x00000000e0000000)
  object space 102912K, 75% used [0x00000000a0000000,0x00000000a4be5a30,0x00000000a6480000)
 Metaspace       used 103960K, capacity 108710K, committed 108928K, reserved 1144832K
  class space    used 12980K, capacity 13941K, committed 13952K, reserved 1048576K
}

