# JRE version: OpenJDK Runtime Environment (8.0_202-b03) (build 1.8.0_202-release-1483-b03)
# Java VM: OpenJDK 64-Bit Server VM (25.202-b03 mixed mode windows-amd64 compressed oops)
Heap:
 PSYoungGen      total 258048K, used 78349K [0x00000000e0000000, 0x00000000f1980000, 0x0000000100000000)
  eden space 233984K, 30% used [0x00000000e0000000,0x00000000e44e5248,0x00000000ee480000)
  from space 24064K, 32% used [0x00000000ee480000,0x00000000eec1e3a0,0x00000000efc00000)
  to   space 25088K, 0% used [0x00000000efc00000,0x00000000efc00000,0x00000000f1480000)
 ParOldGen       total 90624K, used 44809K [0x00000000a0000000, 0x00000000a5880000, 0x00000000e0000000)
  object space 90624K, 49% used [0x00000000a0000000,0x00000000a2bc2470,0x00000000a5880000)
 Metaspace       used 73222K, capacity 76386K, committed 76584K, reserved 1116160K
  class space    used 9866K, capacity 10493K, committed 10536K, reserved 1048576K
GC Heap History (10 events):
Event: 10.661 GC heap before
{Heap before GC invocations=16 (full 3):
 PSYoungGen      total 179200K, used 2062K [0x00000000e0000000, 0x00000000eee80000, 0x0000000100000000)
  eden space 158720K, 0% used [0x00000000e0000000,0x00000000e0000000,0x00000000e9b00000)
  from space 20480K, 10% used [0x00000000e9b00000,0x00000000e9d03818,0x00000000eaf00000)
  to   space 20480K, 0% used [0x00000000eda80000,0x00000000eda80000,0x00000000eee80000)
 ParOldGen       total 56832K, used 36098K [0x00000000a0000000, 0x00000000a3780000, 0x00000000e0000000)
  object space 56832K, 63% used [0x00000000a0000000,0x00000000a23408d0,0x00000000a3780000)
 Metaspace       used 57416K, capacity 58980K, committed 59160K, reserved 1099776K
  class space    used 7829K, capacity 8242K, committed 8360K, reserved 1048576K
Event: 10.835 GC heap after
Heap after GC invocations=16 (full 3):
 PSYoungGen      total 179200K, used 0K [0x00000000e0000000, 0x00000000eee80000, 0x0000000100000000)
  eden space 158720K, 0% used [0x00000000e0000000,0x00000000e0000000,0x00000000e9b00000)
  from space 20480K, 0% used [0x00000000e9b00000,0x00000000e9b00000,0x00000000eaf00000)
  to   space 20480K, 0% used [0x00000000eda80000,0x00000000eda80000,0x00000000eee80000)
 ParOldGen       total 90624K, used 31967K [0x00000000a0000000, 0x00000000a5880000, 0x00000000e0000000)
  object space 90624K, 35% used [0x00000000a0000000,0x00000000a1f37dc8,0x00000000a5880000)
 Metaspace       used 57416K, capacity 58980K, committed 59160K, reserved 1099776K
  class space    used 7829K, capacity 8242K, committed 8360K, reserved 1048576K
}
Event: 14.629 GC heap before
{Heap before GC invocations=17 (full 3):
 PSYoungGen      total 179200K, used 158720K [0x00000000e0000000, 0x00000000eee80000, 0x0000000100000000)
  eden space 158720K, 100% used [0x00000000e0000000,0x00000000e9b00000,0x00000000e9b00000)
  from space 20480K, 0% used [0x00000000e9b00000,0x00000000e9b00000,0x00000000eaf00000)
  to   space 20480K, 0% used [0x00000000eda80000,0x00000000eda80000,0x00000000eee80000)
 ParOldGen       total 90624K, used 31967K [0x00000000a0000000, 0x00000000a5880000, 0x00000000e0000000)
  object space 90624K, 35% used [0x00000000a0000000,0x00000000a1f37dc8,0x00000000a5880000)
 Metaspace       used 61820K, capacity 63840K, committed 63912K, reserved 1103872K
  class space    used 8393K, capacity 8832K, committed 8872K, reserved 1048576K
Event: 14.646 GC heap after
Heap after GC invocations=17 (full 3):
 PSYoungGen      total 207360K, used 12556K [0x00000000e0000000, 0x00000000ee700000, 0x0000000100000000)
  eden space 194560K, 0% used [0x00000000e0000000,0x00000000e0000000,0x00000000ebe00000)
  from space 12800K, 98% used [0x00000000eda80000,0x00000000ee6c33b0,0x00000000ee700000)
  to   space 20992K, 0% used [0x00000000ebe00000,0x00000000ebe00000,0x00000000ed280000)
 ParOldGen       total 90624K, used 31975K [0x00000000a0000000, 0x00000000a5880000, 0x00000000e0000000)
  object space 90624K, 35% used [0x00000000a0000000,0x00000000a1f39dc8,0x00000000a5880000)
 Metaspace       used 61820K, capacity 63840K, committed 63912K, reserved 1103872K
  class space    used 8393K, capacity 8832K, committed 8872K, reserved 1048576K
}
Event: 21.895 GC heap before
{Heap before GC invocations=18 (full 3):
 PSYoungGen      total 207360K, used 207116K [0x00000000e0000000, 0x00000000ee700000, 0x0000000100000000)
  eden space 194560K, 100% used [0x00000000e0000000,0x00000000ebe00000,0x00000000ebe00000)
  from space 12800K, 98% used [0x00000000eda80000,0x00000000ee6c33b0,0x00000000ee700000)
  to   space 20992K, 0% used [0x00000000ebe00000,0x00000000ebe00000,0x00000000ed280000)
 ParOldGen       total 90624K, used 31975K [0x00000000a0000000, 0x00000000a5880000, 0x00000000e0000000)
  object space 90624K, 35% used [0x00000000a0000000,0x00000000a1f39dc8,0x00000000a5880000)
 Metaspace       used 71813K, capacity 74778K, committed 74920K, reserved 1114112K
  class space    used 9762K, capacity 10377K, committed 10408K, reserved 1048576K
Event: 21.921 GC heap after
Heap after GC invocations=18 (full 3):
 PSYoungGen      total 215552K, used 20964K [0x00000000e0000000, 0x00000000f1480000, 0x0000000100000000)
  eden space 194560K, 0% used [0x00000000e0000000,0x00000000e0000000,0x00000000ebe00000)
  from space 20992K, 99% used [0x00000000ebe00000,0x00000000ed2792e0,0x00000000ed280000)
  to   space 25088K, 0% used [0x00000000efc00000,0x00000000efc00000,0x00000000f1480000)
 ParOldGen       total 90624K, used 34966K [0x00000000a0000000, 0x00000000a5880000, 0x00000000e0000000)
  object space 90624K, 38% used [0x00000000a0000000,0x00000000a2225848,0x00000000a5880000)
 Metaspace       used 71813K, capacity 74778K, committed 74920K, reserved 1114112K
  class space    used 9762K, capacity 10377K, committed 10408K, reserved 1048576K
}
Event: 22.671 GC heap before
{Heap before GC invocations=19 (full 3):
 PSYoungGen      total 215552K, used 215524K [0x00000000e0000000, 0x00000000f1480000, 0x0000000100000000)
  eden space 194560K, 100% used [0x00000000e0000000,0x00000000ebe00000,0x00000000ebe00000)
  from space 20992K, 99% used [0x00000000ebe00000,0x00000000ed2792e0,0x00000000ed280000)
  to   space 25088K, 0% used [0x00000000efc00000,0x00000000efc00000,0x00000000f1480000)
 ParOldGen       total 90624K, used 34966K [0x00000000a0000000, 0x00000000a5880000, 0x00000000e0000000)
  object space 90624K, 38% used [0x00000000a0000000,0x00000000a2225848,0x00000000a5880000)
 Metaspace       used 72744K, capacity 75826K, committed 76072K, reserved 1114112K
  class space    used 9831K, capacity 10473K, committed 10536K, reserved 1048576K
Event: 22.691 GC heap after
Heap after GC invocations=19 (full 3):
 PSYoungGen      total 259072K, used 7532K [0x00000000e0000000, 0x00000000f1980000, 0x0000000100000000)
  eden space 233984K, 0% used [0x00000000e0000000,0x00000000e0000000,0x00000000ee480000)
  from space 25088K, 30% used [0x00000000efc00000,0x00000000f035b140,0x00000000f1480000)
  to   space 24064K, 0% used [0x00000000ee480000,0x00000000ee480000,0x00000000efc00000)
 ParOldGen       total 90624K, used 44801K [0x00000000a0000000, 0x00000000a5880000, 0x00000000e0000000)
  object space 90624K, 49% used [0x00000000a0000000,0x00000000a2bc0470,0x00000000a5880000)
 Metaspace       used 72744K, capacity 75826K, committed 76072K, reserved 1114112K
  class space    used 9831K, capacity 10473K, committed 10536K, reserved 1048576K
}
Event: 23.418 GC heap before
{Heap before GC invocations=20 (full 3):
 PSYoungGen      total 259072K, used 241516K [0x00000000e0000000, 0x00000000f1980000, 0x0000000100000000)
  eden space 233984K, 100% used [0x00000000e0000000,0x00000000ee480000,0x00000000ee480000)
  from space 25088K, 30% used [0x00000000efc00000,0x00000000f035b140,0x00000000f1480000)
  to   space 24064K, 0% used [0x00000000ee480000,0x00000000ee480000,0x00000000efc00000)
 ParOldGen       total 90624K, used 44801K [0x00000000a0000000, 0x00000000a5880000, 0x00000000e0000000)
  object space 90624K, 49% used [0x00000000a0000000,0x00000000a2bc0470,0x00000000a5880000)
 Metaspace       used 73086K, capacity 76300K, committed 76584K, reserved 1116160K
  class space    used 9861K, capacity 10488K, committed 10536K, reserved 1048576K
Event: 23.435 GC heap after
Heap after GC invocations=20 (full 3):
 PSYoungGen      total 258048K, used 7800K [0x00000000e0000000, 0x00000000f1980000, 0x0000000100000000)
  eden space 233984K, 0% used [0x00000000e0000000,0x00000000e0000000,0x00000000ee480000)
  from space 24064K, 32% used [0x00000000ee480000,0x00000000eec1e3a0,0x00000000efc00000)
  to   space 25088K, 0% used [0x00000000efc00000,0x00000000efc00000,0x00000000f1480000)
 ParOldGen       total 90624K, used 44809K [0x00000000a0000000, 0x00000000a5880000, 0x00000000e0000000)
  object space 90624K, 49% used [0x00000000a0000000,0x00000000a2bc2470,0x00000000a5880000)
 Metaspace       used 73086K, capacity 76300K, committed 76584K, reserved 1116160K
  class space    used 9861K, capacity 10488K, committed 10536K, reserved 1048576K
}

